<?xml version="1.0" encoding="UTF-8"?>
<!-- Generated by org.testng.reporters.JUnitReportReporter -->
<testsuite hostname="Hussain" failures="0" tests="2" name="qaclickacademy.Mavenjava1.AppiumTest" time="0.007" errors="0" timestamp="2021-03-22T15:43:27 EDT" skipped="0">
  <testcase classname="qaclickacademy.Mavenjava1.AppiumTest" name="IOSApps" time="0.006"/>
  <system-out/>
  <testcase classname="qaclickacademy.Mavenjava1.AppiumTest" name="NativeAppAndroid" time="0.001"/>
  <system-out/>
</testsuite> <!-- qaclickacademy.Mavenjava1.AppiumTest -->
