<?xml version="1.0" encoding="UTF-8"?>
<!-- Generated by org.testng.reporters.JUnitReportReporter -->
<testsuite hostname="Hussain" failures="0" tests="4" name="qaclickacademy.Mavenjava1.RestAPITest" time="0.008" errors="0" timestamp="2021-03-22T15:32:55 EDT" skipped="0">
  <testcase classname="qaclickacademy.Mavenjava1.RestAPITest" name="BrowserAutomation" time="0.006"/>
  <system-out/>
  <testcase classname="qaclickacademy.Mavenjava1.RestAPITest" name="elementsUI" time="0.001"/>
  <system-out/>
  <testcase classname="qaclickacademy.Mavenjava1.RestAPITest" name="deleteTwitter" time="0.001"/>
  <system-out/>
  <testcase classname="qaclickacademy.Mavenjava1.RestAPITest" name="postJira" time="0.000"/>
  <system-out/>
</testsuite> <!-- qaclickacademy.Mavenjava1.RestAPITest -->
